<?xml version="1.0" encoding="UTF-8"?>
<!-- Generated by org.testng.reporters.JUnitReportReporter -->
<testsuite hostname="DESKTOP-83F161J" failures="0" tests="2" name="com.browserstack.suite.SuiteTest04" time="77.350" errors="0" timestamp="11 Sep 2018 13:41:16 GMT">
  <testcase classname="com.browserstack.suite.SuiteTest04" name="test_04" time="59.918"/>
  <testcase classname="com.browserstack.suite.SuiteTest04" name="test_04" time="17.432"/>
</testsuite> <!-- com.browserstack.suite.SuiteTest04 -->
