<?xml version="1.0" encoding="UTF-8"?>
<!-- Generated by org.testng.reporters.JUnitReportReporter -->
<testsuite hostname="DESKTOP-83F161J" failures="0" tests="1" name="com.browserstack.SingleTest" time="6.475" errors="0" timestamp="11 Sep 2018 13:38:14 GMT">
  <testcase classname="com.browserstack.SingleTest" name="test" time="6.475"/>
</testsuite> <!-- com.browserstack.SingleTest -->
